2018-11-25T21:30:47+00:00 CRITICAL Uncaught Error: Call to undefined function carbon_get_theme_option() in C:\OSPanel\domains\beauty-shop\wp-content\themes\beautyshop\template-homepage.php:38
Stack trace:
#0 C:\OSPanel\domains\beauty-shop\wp-includes\template-loader.php(74): include()
#1 C:\OSPanel\domains\beauty-shop\wp-blog-header.php(19): require_once('C:\\OSPanel\\doma...')
#2 C:\OSPanel\domains\beauty-shop\index.php(17): require('C:\\OSPanel\\doma...')
#3 {main}
  thrown в C:\OSPanel\domains\beauty-shop\wp-content\themes\beautyshop\template-homepage.php на строке 38

2018-11-25T21:30:58+00:00 CRITICAL Uncaught Error: Call to undefined function carbon_get_theme_option() in C:\OSPanel\domains\beauty-shop\wp-content\themes\beautyshop\template-homepage.php:38
Stack trace:
#0 C:\OSPanel\domains\beauty-shop\wp-includes\template-loader.php(74): include()
#1 C:\OSPanel\domains\beauty-shop\wp-blog-header.php(19): require_once('C:\\OSPanel\\doma...')
#2 C:\OSPanel\domains\beauty-shop\index.php(17): require('C:\\OSPanel\\doma...')
#3 {main}
  thrown в C:\OSPanel\domains\beauty-shop\wp-content\themes\beautyshop\template-homepage.php на строке 38

2018-11-25T21:35:31+00:00 CRITICAL Uncaught Error: Call to undefined function carbon_get_theme_option() in C:\OSPanel\domains\beauty-shop\wp-content\themes\beautyshop\template-homepage.php:328
Stack trace:
#0 C:\OSPanel\domains\beauty-shop\wp-includes\template-loader.php(74): include()
#1 C:\OSPanel\domains\beauty-shop\wp-blog-header.php(19): require_once('C:\\OSPanel\\doma...')
#2 C:\OSPanel\domains\beauty-shop\index.php(17): require('C:\\OSPanel\\doma...')
#3 {main}
  thrown в C:\OSPanel\domains\beauty-shop\wp-content\themes\beautyshop\template-homepage.php на строке 328

2018-11-25T21:36:11+00:00 CRITICAL Uncaught Error: Call to undefined function carbon_get_theme_option() in C:\OSPanel\domains\beauty-shop\wp-content\themes\beautyshop\template-homepage.php:328
Stack trace:
#0 C:\OSPanel\domains\beauty-shop\wp-includes\template-loader.php(74): include()
#1 C:\OSPanel\domains\beauty-shop\wp-blog-header.php(19): require_once('C:\\OSPanel\\doma...')
#2 C:\OSPanel\domains\beauty-shop\index.php(17): require('C:\\OSPanel\\doma...')
#3 {main}
  thrown в C:\OSPanel\domains\beauty-shop\wp-content\themes\beautyshop\template-homepage.php на строке 328

2018-11-25T21:42:22+00:00 CRITICAL Uncaught Error: Call to undefined function carbon_get_theme_option() in C:\OSPanel\domains\beauty-shop\wp-content\themes\beautyshop\template-homepage.php:328
Stack trace:
#0 C:\OSPanel\domains\beauty-shop\wp-includes\template-loader.php(74): include()
#1 C:\OSPanel\domains\beauty-shop\wp-blog-header.php(19): require_once('C:\\OSPanel\\doma...')
#2 C:\OSPanel\domains\beauty-shop\index.php(17): require('C:\\OSPanel\\doma...')
#3 {main}
  thrown в C:\OSPanel\domains\beauty-shop\wp-content\themes\beautyshop\template-homepage.php на строке 328

2018-11-25T21:43:42+00:00 CRITICAL Uncaught Error: Call to undefined function carbon_get_theme_option() in C:\OSPanel\domains\beauty-shop\wp-content\themes\beautyshop\template-homepage.php:328
Stack trace:
#0 C:\OSPanel\domains\beauty-shop\wp-includes\template-loader.php(74): include()
#1 C:\OSPanel\domains\beauty-shop\wp-blog-header.php(19): require_once('C:\\OSPanel\\doma...')
#2 C:\OSPanel\domains\beauty-shop\index.php(17): require('C:\\OSPanel\\doma...')
#3 {main}
  thrown в C:\OSPanel\domains\beauty-shop\wp-content\themes\beautyshop\template-homepage.php на строке 328

2018-11-25T21:43:58+00:00 CRITICAL Uncaught Error: Call to undefined function carbon_get_theme_option() in C:\OSPanel\domains\beauty-shop\wp-content\themes\beautyshop\template-homepage.php:328
Stack trace:
#0 C:\OSPanel\domains\beauty-shop\wp-includes\template-loader.php(74): include()
#1 C:\OSPanel\domains\beauty-shop\wp-blog-header.php(19): require_once('C:\\OSPanel\\doma...')
#2 C:\OSPanel\domains\beauty-shop\index.php(17): require('C:\\OSPanel\\doma...')
#3 {main}
  thrown в C:\OSPanel\domains\beauty-shop\wp-content\themes\beautyshop\template-homepage.php на строке 328

2018-11-25T21:45:14+00:00 CRITICAL Uncaught Error: Call to undefined function carbon_get_theme_option() in C:\OSPanel\domains\beauty-shop\wp-content\themes\beautyshop\template-homepage.php:328
Stack trace:
#0 C:\OSPanel\domains\beauty-shop\wp-includes\template-loader.php(74): include()
#1 C:\OSPanel\domains\beauty-shop\wp-blog-header.php(19): require_once('C:\\OSPanel\\doma...')
#2 C:\OSPanel\domains\beauty-shop\index.php(17): require('C:\\OSPanel\\doma...')
#3 {main}
  thrown в C:\OSPanel\domains\beauty-shop\wp-content\themes\beautyshop\template-homepage.php на строке 328

2018-11-25T21:45:35+00:00 CRITICAL Uncaught Error: Call to undefined function carbon_get_theme_option() in C:\OSPanel\domains\beauty-shop\wp-content\themes\beautyshop\template-homepage.php:328
Stack trace:
#0 C:\OSPanel\domains\beauty-shop\wp-includes\template-loader.php(74): include()
#1 C:\OSPanel\domains\beauty-shop\wp-blog-header.php(19): require_once('C:\\OSPanel\\doma...')
#2 C:\OSPanel\domains\beauty-shop\index.php(17): require('C:\\OSPanel\\doma...')
#3 {main}
  thrown в C:\OSPanel\domains\beauty-shop\wp-content\themes\beautyshop\template-homepage.php на строке 328

2018-11-25T21:45:47+00:00 CRITICAL Uncaught Error: Call to undefined function carbon_get_theme_option() in C:\OSPanel\domains\beauty-shop\wp-content\themes\beautyshop\template-homepage.php:328
Stack trace:
#0 C:\OSPanel\domains\beauty-shop\wp-includes\template-loader.php(74): include()
#1 C:\OSPanel\domains\beauty-shop\wp-blog-header.php(19): require_once('C:\\OSPanel\\doma...')
#2 C:\OSPanel\domains\beauty-shop\index.php(17): require('C:\\OSPanel\\doma...')
#3 {main}
  thrown в C:\OSPanel\domains\beauty-shop\wp-content\themes\beautyshop\template-homepage.php на строке 328

2018-11-25T21:48:07+00:00 CRITICAL Uncaught Error: Call to undefined function carbon_get_theme_option() in C:\OSPanel\domains\beauty-shop\wp-content\themes\beautyshop\template-homepage.php:328
Stack trace:
#0 C:\OSPanel\domains\beauty-shop\wp-includes\template-loader.php(74): include()
#1 C:\OSPanel\domains\beauty-shop\wp-blog-header.php(19): require_once('C:\\OSPanel\\doma...')
#2 C:\OSPanel\domains\beauty-shop\index.php(17): require('C:\\OSPanel\\doma...')
#3 {main}
  thrown в C:\OSPanel\domains\beauty-shop\wp-content\themes\beautyshop\template-homepage.php на строке 328

2018-11-25T21:48:44+00:00 CRITICAL Uncaught Error: Call to undefined function carbon_get_theme_option() in C:\OSPanel\domains\beauty-shop\wp-content\themes\beautyshop\template-homepage.php:328
Stack trace:
#0 C:\OSPanel\domains\beauty-shop\wp-includes\template-loader.php(74): include()
#1 C:\OSPanel\domains\beauty-shop\wp-blog-header.php(19): require_once('C:\\OSPanel\\doma...')
#2 C:\OSPanel\domains\beauty-shop\index.php(17): require('C:\\OSPanel\\doma...')
#3 {main}
  thrown в C:\OSPanel\domains\beauty-shop\wp-content\themes\beautyshop\template-homepage.php на строке 328

2018-11-25T21:50:17+00:00 CRITICAL Uncaught Error: Call to undefined function carbon_get_theme_option() in C:\OSPanel\domains\beauty-shop\wp-content\themes\beautyshop\template-homepage.php:328
Stack trace:
#0 C:\OSPanel\domains\beauty-shop\wp-includes\template-loader.php(74): include()
#1 C:\OSPanel\domains\beauty-shop\wp-blog-header.php(19): require_once('C:\\OSPanel\\doma...')
#2 C:\OSPanel\domains\beauty-shop\index.php(17): require('C:\\OSPanel\\doma...')
#3 {main}
  thrown в C:\OSPanel\domains\beauty-shop\wp-content\themes\beautyshop\template-homepage.php на строке 328

2018-11-25T21:50:23+00:00 CRITICAL Uncaught Error: Call to undefined function carbon_get_theme_option() in C:\OSPanel\domains\beauty-shop\wp-content\themes\beautyshop\template-homepage.php:328
Stack trace:
#0 C:\OSPanel\domains\beauty-shop\wp-includes\template-loader.php(74): include()
#1 C:\OSPanel\domains\beauty-shop\wp-blog-header.php(19): require_once('C:\\OSPanel\\doma...')
#2 C:\OSPanel\domains\beauty-shop\index.php(17): require('C:\\OSPanel\\doma...')
#3 {main}
  thrown в C:\OSPanel\domains\beauty-shop\wp-content\themes\beautyshop\template-homepage.php на строке 328

2018-11-25T21:53:53+00:00 CRITICAL Uncaught Error: Call to undefined function carbon_get_theme_option() in C:\OSPanel\domains\beauty-shop\wp-content\themes\beautyshop\template-homepage.php:328
Stack trace:
#0 C:\OSPanel\domains\beauty-shop\wp-includes\template-loader.php(74): include()
#1 C:\OSPanel\domains\beauty-shop\wp-blog-header.php(19): require_once('C:\\OSPanel\\doma...')
#2 C:\OSPanel\domains\beauty-shop\index.php(17): require('C:\\OSPanel\\doma...')
#3 {main}
  thrown в C:\OSPanel\domains\beauty-shop\wp-content\themes\beautyshop\template-homepage.php на строке 328

2018-11-25T21:55:15+00:00 CRITICAL Uncaught Error: Call to undefined function carbon_get_theme_option() in C:\OSPanel\domains\beauty-shop\wp-content\themes\beautyshop\template-homepage.php:328
Stack trace:
#0 C:\OSPanel\domains\beauty-shop\wp-includes\template-loader.php(74): include()
#1 C:\OSPanel\domains\beauty-shop\wp-blog-header.php(19): require_once('C:\\OSPanel\\doma...')
#2 C:\OSPanel\domains\beauty-shop\index.php(17): require('C:\\OSPanel\\doma...')
#3 {main}
  thrown в C:\OSPanel\domains\beauty-shop\wp-content\themes\beautyshop\template-homepage.php на строке 328

2018-11-25T21:55:18+00:00 CRITICAL Uncaught Error: Call to undefined function carbon_get_theme_option() in C:\OSPanel\domains\beauty-shop\wp-content\themes\beautyshop\template-homepage.php:328
Stack trace:
#0 C:\OSPanel\domains\beauty-shop\wp-includes\template-loader.php(74): include()
#1 C:\OSPanel\domains\beauty-shop\wp-blog-header.php(19): require_once('C:\\OSPanel\\doma...')
#2 C:\OSPanel\domains\beauty-shop\index.php(17): require('C:\\OSPanel\\doma...')
#3 {main}
  thrown в C:\OSPanel\domains\beauty-shop\wp-content\themes\beautyshop\template-homepage.php на строке 328

2018-11-25T21:55:54+00:00 CRITICAL Uncaught Error: Call to undefined function carbon_get_theme_option() in C:\OSPanel\domains\beauty-shop\wp-content\themes\beautyshop\template-homepage.php:328
Stack trace:
#0 C:\OSPanel\domains\beauty-shop\wp-includes\template-loader.php(74): include()
#1 C:\OSPanel\domains\beauty-shop\wp-blog-header.php(19): require_once('C:\\OSPanel\\doma...')
#2 C:\OSPanel\domains\beauty-shop\index.php(17): require('C:\\OSPanel\\doma...')
#3 {main}
  thrown в C:\OSPanel\domains\beauty-shop\wp-content\themes\beautyshop\template-homepage.php на строке 328

2018-11-25T22:09:14+00:00 CRITICAL Allowed memory size of 1610612736 bytes exhausted (tried to allocate 32370056120897536 bytes) в C:\OSPanel\domains\beauty-shop\wp-includes\functions.php на строке 440

2018-11-25T22:09:14+00:00 CRITICAL Allowed memory size of 1610612736 bytes exhausted (tried to allocate 32370056120897536 bytes) в C:\OSPanel\domains\beauty-shop\wp-includes\functions.php на строке 440

2018-11-25T22:09:19+00:00 CRITICAL Uncaught Error: Call to undefined function carbon_get_theme_option() in C:\OSPanel\domains\beauty-shop\wp-content\themes\beautyshop\template-homepage.php:328
Stack trace:
#0 C:\OSPanel\domains\beauty-shop\wp-includes\template-loader.php(74): include()
#1 C:\OSPanel\domains\beauty-shop\wp-blog-header.php(19): require_once('C:\\OSPanel\\doma...')
#2 C:\OSPanel\domains\beauty-shop\index.php(17): require('C:\\OSPanel\\doma...')
#3 {main}
  thrown в C:\OSPanel\domains\beauty-shop\wp-content\themes\beautyshop\template-homepage.php на строке 328

2018-11-25T22:09:30+00:00 CRITICAL Uncaught Error: Call to undefined function carbon_get_theme_option() in C:\OSPanel\domains\beauty-shop\wp-content\themes\beautyshop\template-homepage.php:328
Stack trace:
#0 C:\OSPanel\domains\beauty-shop\wp-includes\template-loader.php(74): include()
#1 C:\OSPanel\domains\beauty-shop\wp-blog-header.php(19): require_once('C:\\OSPanel\\doma...')
#2 C:\OSPanel\domains\beauty-shop\index.php(17): require('C:\\OSPanel\\doma...')
#3 {main}
  thrown в C:\OSPanel\domains\beauty-shop\wp-content\themes\beautyshop\template-homepage.php на строке 328

2018-11-25T22:13:05+00:00 CRITICAL Uncaught Error: Call to undefined function carbon_get_theme_option() in C:\OSPanel\domains\beauty-shop\wp-content\themes\beautyshop\template-homepage.php:328
Stack trace:
#0 C:\OSPanel\domains\beauty-shop\wp-includes\template-loader.php(74): include()
#1 C:\OSPanel\domains\beauty-shop\wp-blog-header.php(19): require_once('C:\\OSPanel\\doma...')
#2 C:\OSPanel\domains\beauty-shop\index.php(17): require('C:\\OSPanel\\doma...')
#3 {main}
  thrown в C:\OSPanel\domains\beauty-shop\wp-content\themes\beautyshop\template-homepage.php на строке 328

2018-11-25T22:17:01+00:00 CRITICAL Uncaught Error: Call to undefined function carbon_get_theme_option() in C:\OSPanel\domains\beauty-shop\wp-content\themes\beautyshop\template-homepage.php:328
Stack trace:
#0 C:\OSPanel\domains\beauty-shop\wp-includes\template-loader.php(74): include()
#1 C:\OSPanel\domains\beauty-shop\wp-blog-header.php(19): require_once('C:\\OSPanel\\doma...')
#2 C:\OSPanel\domains\beauty-shop\index.php(17): require('C:\\OSPanel\\doma...')
#3 {main}
  thrown в C:\OSPanel\domains\beauty-shop\wp-content\themes\beautyshop\template-homepage.php на строке 328

2018-11-25T22:18:59+00:00 CRITICAL Uncaught Error: Call to undefined function carbon_get_theme_option() in C:\OSPanel\domains\beauty-shop\wp-content\themes\beautyshop\template-homepage.php:328
Stack trace:
#0 C:\OSPanel\domains\beauty-shop\wp-includes\template-loader.php(74): include()
#1 C:\OSPanel\domains\beauty-shop\wp-blog-header.php(19): require_once('C:\\OSPanel\\doma...')
#2 C:\OSPanel\domains\beauty-shop\index.php(17): require('C:\\OSPanel\\doma...')
#3 {main}
  thrown в C:\OSPanel\domains\beauty-shop\wp-content\themes\beautyshop\template-homepage.php на строке 328

2018-11-25T22:21:57+00:00 CRITICAL Uncaught Error: Call to undefined function carbon_get_theme_option() in C:\OSPanel\domains\beauty-shop\wp-content\themes\beautyshop\template-homepage.php:328
Stack trace:
#0 C:\OSPanel\domains\beauty-shop\wp-includes\template-loader.php(74): include()
#1 C:\OSPanel\domains\beauty-shop\wp-blog-header.php(19): require_once('C:\\OSPanel\\doma...')
#2 C:\OSPanel\domains\beauty-shop\index.php(17): require('C:\\OSPanel\\doma...')
#3 {main}
  thrown в C:\OSPanel\domains\beauty-shop\wp-content\themes\beautyshop\template-homepage.php на строке 328

2018-11-25T22:25:17+00:00 CRITICAL Uncaught Error: Call to undefined function carbon_get_theme_option() in C:\OSPanel\domains\beauty-shop\wp-content\themes\beautyshop\template-homepage.php:584
Stack trace:
#0 C:\OSPanel\domains\beauty-shop\wp-includes\template-loader.php(74): include()
#1 C:\OSPanel\domains\beauty-shop\wp-blog-header.php(19): require_once('C:\\OSPanel\\doma...')
#2 C:\OSPanel\domains\beauty-shop\index.php(17): require('C:\\OSPanel\\doma...')
#3 {main}
  thrown в C:\OSPanel\domains\beauty-shop\wp-content\themes\beautyshop\template-homepage.php на строке 584

2018-11-25T22:26:34+00:00 CRITICAL Uncaught Error: Call to undefined function carbon_get_theme_option() in C:\OSPanel\domains\beauty-shop\wp-content\themes\beautyshop\template-homepage.php:584
Stack trace:
#0 C:\OSPanel\domains\beauty-shop\wp-includes\template-loader.php(74): include()
#1 C:\OSPanel\domains\beauty-shop\wp-blog-header.php(19): require_once('C:\\OSPanel\\doma...')
#2 C:\OSPanel\domains\beauty-shop\index.php(17): require('C:\\OSPanel\\doma...')
#3 {main}
  thrown в C:\OSPanel\domains\beauty-shop\wp-content\themes\beautyshop\template-homepage.php на строке 584

2018-11-25T22:29:39+00:00 CRITICAL Uncaught Error: Call to undefined function carbon_get_theme_option() in C:\OSPanel\domains\beauty-shop\wp-content\themes\beautyshop\template-homepage.php:584
Stack trace:
#0 C:\OSPanel\domains\beauty-shop\wp-includes\template-loader.php(74): include()
#1 C:\OSPanel\domains\beauty-shop\wp-blog-header.php(19): require_once('C:\\OSPanel\\doma...')
#2 C:\OSPanel\domains\beauty-shop\index.php(17): require('C:\\OSPanel\\doma...')
#3 {main}
  thrown в C:\OSPanel\domains\beauty-shop\wp-content\themes\beautyshop\template-homepage.php на строке 584

2018-11-25T22:31:16+00:00 CRITICAL Uncaught Error: Call to undefined function carbon_get_theme_option() in C:\OSPanel\domains\beauty-shop\wp-content\themes\beautyshop\template-homepage.php:584
Stack trace:
#0 C:\OSPanel\domains\beauty-shop\wp-includes\template-loader.php(74): include()
#1 C:\OSPanel\domains\beauty-shop\wp-blog-header.php(19): require_once('C:\\OSPanel\\doma...')
#2 C:\OSPanel\domains\beauty-shop\index.php(17): require('C:\\OSPanel\\doma...')
#3 {main}
  thrown в C:\OSPanel\domains\beauty-shop\wp-content\themes\beautyshop\template-homepage.php на строке 584

2018-11-25T22:31:56+00:00 CRITICAL Uncaught Error: Call to undefined function carbon_get_theme_option() in C:\OSPanel\domains\beauty-shop\wp-content\themes\beautyshop\template-homepage.php:584
Stack trace:
#0 C:\OSPanel\domains\beauty-shop\wp-includes\template-loader.php(74): include()
#1 C:\OSPanel\domains\beauty-shop\wp-blog-header.php(19): require_once('C:\\OSPanel\\doma...')
#2 C:\OSPanel\domains\beauty-shop\index.php(17): require('C:\\OSPanel\\doma...')
#3 {main}
  thrown в C:\OSPanel\domains\beauty-shop\wp-content\themes\beautyshop\template-homepage.php на строке 584

2018-11-25T22:32:01+00:00 CRITICAL Uncaught Error: Call to undefined function carbon_get_theme_option() in C:\OSPanel\domains\beauty-shop\wp-content\themes\beautyshop\template-homepage.php:584
Stack trace:
#0 C:\OSPanel\domains\beauty-shop\wp-includes\template-loader.php(74): include()
#1 C:\OSPanel\domains\beauty-shop\wp-blog-header.php(19): require_once('C:\\OSPanel\\doma...')
#2 C:\OSPanel\domains\beauty-shop\index.php(17): require('C:\\OSPanel\\doma...')
#3 {main}
  thrown в C:\OSPanel\domains\beauty-shop\wp-content\themes\beautyshop\template-homepage.php на строке 584

2018-11-25T22:32:36+00:00 CRITICAL Uncaught Error: Call to undefined function carbon_get_theme_option() in C:\OSPanel\domains\beauty-shop\wp-content\themes\beautyshop\template-homepage.php:584
Stack trace:
#0 C:\OSPanel\domains\beauty-shop\wp-includes\template-loader.php(74): include()
#1 C:\OSPanel\domains\beauty-shop\wp-blog-header.php(19): require_once('C:\\OSPanel\\doma...')
#2 C:\OSPanel\domains\beauty-shop\index.php(17): require('C:\\OSPanel\\doma...')
#3 {main}
  thrown в C:\OSPanel\domains\beauty-shop\wp-content\themes\beautyshop\template-homepage.php на строке 584

2018-11-25T22:32:41+00:00 CRITICAL Uncaught Error: Call to undefined function carbon_get_theme_option() in C:\OSPanel\domains\beauty-shop\wp-content\themes\beautyshop\template-homepage.php:584
Stack trace:
#0 C:\OSPanel\domains\beauty-shop\wp-includes\template-loader.php(74): include()
#1 C:\OSPanel\domains\beauty-shop\wp-blog-header.php(19): require_once('C:\\OSPanel\\doma...')
#2 C:\OSPanel\domains\beauty-shop\index.php(17): require('C:\\OSPanel\\doma...')
#3 {main}
  thrown в C:\OSPanel\domains\beauty-shop\wp-content\themes\beautyshop\template-homepage.php на строке 584

2018-11-25T22:32:51+00:00 CRITICAL Uncaught Error: Call to undefined function carbon_get_theme_option() in C:\OSPanel\domains\beauty-shop\wp-content\themes\beautyshop\template-homepage.php:584
Stack trace:
#0 C:\OSPanel\domains\beauty-shop\wp-includes\template-loader.php(74): include()
#1 C:\OSPanel\domains\beauty-shop\wp-blog-header.php(19): require_once('C:\\OSPanel\\doma...')
#2 C:\OSPanel\domains\beauty-shop\index.php(17): require('C:\\OSPanel\\doma...')
#3 {main}
  thrown в C:\OSPanel\domains\beauty-shop\wp-content\themes\beautyshop\template-homepage.php на строке 584

